<?xml version="1.0" encoding="UTF-8"?>
<testsuite errors="0" failures="0" name="resources.test_suite_layout_variants.test_sonata_classes.SonataToNMEAConversionTestCase01-20180628130253" skipped="1" tests="1" time="0.000" timestamp="2018-06-28T13:02:53">
	<testcase classname="resources.test_suite_layout_variants.test_sonata_classes.SonataToNMEAConversionTestCase01" name="test_sonata_messages_id" time="0.000" timestamp="2018-06-28T13:02:53">
		<skipped message="SKIP CLASS BASED TEST 01 FOR NOW" type="skip"/>
	</testcase>
	<system-out>
<![CDATA[]]>	</system-out>
	<system-err>
<![CDATA[]]>	</system-err>
</testsuite>
