<?xml version="1.0" encoding="UTF-8"?>
<testsuite errors="0" failures="0" name="test_bl.test_sonata_plugin.tests_sonata.test_sonata_functions.SonataToNMEAConversionTests-20180628130253" skipped="1" tests="2" time="10.020" timestamp="2018-06-28T13:05:22">
	<testcase classname="test_bl.test_sonata_plugin.tests_sonata.test_sonata_functions.SonataToNMEAConversionTests" name="test_sonata_messages01" time="10.020" timestamp="2018-06-28T13:05:22"/>
	<testcase classname="test_bl.test_sonata_plugin.tests_sonata.test_sonata_functions.SonataToNMEAConversionTests" name="test_sonata_messages02" time="0.001" timestamp="2018-06-28T13:05:22">
		<skipped message="Testing various test suite configs" type="skip"/>
	</testcase>
	<system-out>
<![CDATA[2018-06-28 13:05:12,719 - test_bl.test_sonata_plugin.test_tools_sonata.send_receive_sonata - INFO - =======================================================================================
2018-06-28 13:05:12,720 - test_bl.test_sonata_plugin.test_tools_sonata.send_receive_sonata - INFO - Start sending messages to KD
2018-06-28 13:05:15,724 - test_bl.test_bl_tools.udp_server - INFO - =====================================================================================|
2018-06-28 13:05:15,726 - test_bl.test_bl_tools.udp_server - INFO - SERVER python_UDP_SERVER on 10.11.10.12:55556---> calls verify_request (b'$SNXDR,A,3,A,NUM,A,359,D,COG,A,431,N,SOG,A,799,K,SOG,A,895959.9,D,LAT,A,S,C,LAT,A,1795959.9,D,LON,A,W,C,LON*79\r\n', <socket.socket fd=764, family=AddressFamily.AF_INET, type=SocketKind.SOCK_DGRAM, proto=0, laddr=('10.11.10.12', 55556)>) from: ('10.11.10.11', 35251)
2018-06-28 13:05:15,729 - test_bl.test_bl_tools.udp_server - INFO - =====================================================================================|
2018-06-28 13:05:15,731 - test_bl.test_bl_tools.udp_server - INFO - =====================================================================================|
2018-06-28 13:05:15,732 - test_bl.test_bl_tools.udp_server - INFO - SERVER python_UDP_SERVER on 10.11.10.12:55556---> calls verify_request (b'$SNXDR,A,3,A,NUM,A,359,D,COG,A,431,N,SOG,A,799,K,SOG,A,895959.9,D,LAT,A,S,C,LAT,A,1795959.9,D,LON,A,W,C,LON*79\r\n', <socket.socket fd=764, family=AddressFamily.AF_INET, type=SocketKind.SOCK_DGRAM, proto=0, laddr=('10.11.10.12', 55556)>) from: ('10.11.10.11', 35251)
2018-06-28 13:05:15,734 - test_bl.test_bl_tools.udp_server - INFO - =====================================================================================|
2018-06-28 13:05:15,738 - test_bl.test_bl_tools.udp_server - INFO - =====================================================================================|
2018-06-28 13:05:15,740 - test_bl.test_bl_tools.udp_server - INFO - SERVER python_UDP_SERVER on 10.11.10.12:55556---> calls finish_request (b'$SNXDR,A,3,A,NUM,A,359,D,COG,A,431,N,SOG,A,799,K,SOG,A,895959.9,D,LAT,A,S,C,LAT,A,1795959.9,D,LON,A,W,C,LON*79\r\n', <socket.socket fd=764, family=AddressFamily.AF_INET, type=SocketKind.SOCK_DGRAM, proto=0, laddr=('10.11.10.12', 55556)>) from: ('10.11.10.11', 35251)
2018-06-28 13:05:15,741 - test_bl.test_bl_tools.udp_server - INFO - =====================================================================================|
2018-06-28 13:05:15,743 - test_bl.test_bl_tools.udp_server - INFO - =====================================================================================|
2018-06-28 13:05:15,745 - test_bl.test_bl_tools.udp_server - INFO - SERVER UDP SERVER PayLoad HANDLER on 10.11.10.12:55556---> calls server_close
2018-06-28 13:05:15,747 - test_bl.test_bl_tools.udp_server - INFO - =====================================================================================|
2018-06-28 13:05:15,752 - test_bl.test_bl_tools.udp_server - INFO - __init__ UdpPayloadHandler
2018-06-28 13:05:15,752 - test_bl.test_bl_tools.udp_server - INFO - =====================================================================================|
2018-06-28 13:05:15,753 - test_bl.test_bl_tools.udp_server - INFO - SERVER python_UDP_SERVER on 10.11.10.12:55556---> serves forever
2018-06-28 13:05:15,754 - test_bl.test_bl_tools.udp_server - INFO - =====================================================================================|
2018-06-28 13:05:18,721 - test_bl.test_sonata_plugin.test_tools_sonata.send_receive_sonata - INFO - Stop sending messages to KD
2018-06-28 13:05:18,722 - test_bl.test_sonata_plugin.test_tools_sonata.send_receive_sonata - INFO - =======================================================================================
b'$SNXDR,A,3,A,NUM,A,359,D,COG,A,431,N,SOG,A,799,K,SOG,A,895959.9,D,LAT,A,S,C,LAT,A,1795959.9,D,LON,A,W,C,LON*79\r\n'
2018-06-28 13:05:18,724 - test_bl.test_sonata_plugin.tests_sonata.test_sonata_functions - INFO - INIT_VAL sent to Sonata: --->>>$C006CBB77366EDDCFC7BB20000F39


2018-06-28 13:05:18,725 - test_bl.test_sonata_plugin.tests_sonata.test_sonata_functions - INFO - RES_VAL Nmea from Sonata: --->>>b'$SNXDR,A,3,A,NUM,A,359,D,COG,A,431,N,SOG,A,799,K,SOG,A,895959.9,D,LAT,A,S,C,LAT,A,1795959.9,D,LON,A,W,C,LON*79\r\n'
2018-06-28 13:05:18,729 - test_bl.test_sonata_plugin.tests_sonata.test_sonata_functions - INFO - Field --->>> sonata_id <<<--- was sent to Sonata: --->>> 3
2018-06-28 13:05:18,730 - test_bl.test_sonata_plugin.tests_sonata.test_sonata_functions - INFO - Field --->>> label2 <<<--- was received in Nmea message from Sonata: --->>> 3
2018-06-28 13:05:22,733 - test_bl.test_sonata_plugin.tests_sonata.test_sonata_functions - INFO - Testtest_bl.test_sonata_plugin.tests_sonata.test_sonata_functionstearDown routine.
]]>	</system-out>
	<system-err>
<![CDATA[]]>	</system-err>
</testsuite>
